<?xml version="1.0" encoding="UTF-8"?>
<testng-results ignored="1" total="2" passed="1" failed="0" skipped="0">
  <reporter-output>
  </reporter-output>
  <suite started-at="2022-08-19T15:58:26 IST" name="Suite" finished-at="2022-08-19T15:58:36 IST" duration-ms="9426">
    <groups>
    </groups>
    <test started-at="2022-08-19T15:58:26 IST" name="Test" finished-at="2022-08-19T15:58:36 IST" duration-ms="9426">
      <class name="com.automation.testcases.LoginTestCRM">
        <test-method is-config="true" signature="setUpSuite()[pri:0, instance:com.automation.testcases.LoginTestCRM@710c2b53]" started-at="2022-08-19T15:58:25 IST" name="setUpSuite" finished-at="2022-08-19T15:58:26 IST" duration-ms="1219" status="PASS">
          <reporter-output>
          </reporter-output>
        </test-method> <!-- setUpSuite -->
        <test-method is-config="true" signature="setUp()[pri:0, instance:com.automation.testcases.LoginTestCRM@710c2b53]" started-at="2022-08-19T15:58:26 IST" name="setUp" finished-at="2022-08-19T15:58:31 IST" duration-ms="4286" status="PASS">
          <reporter-output>
          </reporter-output>
        </test-method> <!-- setUp -->
        <test-method signature="loginApp()[pri:0, instance:com.automation.testcases.LoginTestCRM@710c2b53]" started-at="2022-08-19T15:58:31 IST" name="loginApp" finished-at="2022-08-19T15:58:33 IST" duration-ms="2433" status="PASS">
          <reporter-output>
          </reporter-output>
        </test-method> <!-- loginApp -->
        <test-method is-config="true" signature="tearDownMenthod(org.testng.ITestResult)[pri:0, instance:com.automation.testcases.LoginTestCRM@710c2b53]" started-at="2022-08-19T15:58:33 IST" name="tearDownMenthod" finished-at="2022-08-19T15:58:35 IST" duration-ms="1727" status="PASS">
          <params>
            <param index="0">
              <value>
                <![CDATA[[TestResult name=loginApp status=SUCCESS method=LoginTestCRM.loginApp()[pri:0, instance:com.automation.testcases.LoginTestCRM@710c2b53] output={null}]]]>
              </value>
            </param>
          </params>
          <reporter-output>
          </reporter-output>
        </test-method> <!-- tearDownMenthod -->
        <test-method is-config="true" signature="tearDown()[pri:0, instance:com.automation.testcases.LoginTestCRM@710c2b53]" started-at="2022-08-19T15:58:35 IST" name="tearDown" finished-at="2022-08-19T15:58:36 IST" duration-ms="925" status="PASS">
          <reporter-output>
          </reporter-output>
        </test-method> <!-- tearDown -->
      </class> <!-- com.automation.testcases.LoginTestCRM -->
    </test> <!-- Test -->
  </suite> <!-- Suite -->
</testng-results>
