<?xml version="1.0" encoding="UTF-8"?>
<!-- Generated by org.testng.reporters.JUnitXMLReporter -->
<testsuite ignored="1" hostname="LAPTOP-K45UC655" failures="0" tests="1" name="Test" time="9.426" errors="0" timestamp="2022-08-19T15:58:36 IST">
  <testcase classname="com.automation.testcases.LoginTestCRM" name="loginApp" time="2.433"/>
  <testcase classname="com.automation.pages.BaseClass" name="@BeforeSuite setUpSuite" time="0.0">
    <ignored/>
  </testcase> <!-- @BeforeSuite setUpSuite -->
</testsuite> <!-- Test -->
