<?xml version="1.0" encoding="UTF-8"?>
<testng-results ignored="1" total="2" passed="1" failed="0" skipped="0">
  <reporter-output>
  </reporter-output>
  <suite started-at="2022-09-27T22:26:46 IST" name="Suite" finished-at="2022-09-27T22:26:58 IST" duration-ms="11945">
    <groups>
    </groups>
    <test started-at="2022-09-27T22:26:46 IST" name="Test" finished-at="2022-09-27T22:26:58 IST" duration-ms="11945">
      <class name="com.automation.testcases.LoginTestCRM">
        <test-method is-config="true" signature="setUpSuite()[pri:0, instance:com.automation.testcases.LoginTestCRM@1d9b7cce]" started-at="2022-09-27T22:26:44 IST" name="setUpSuite" finished-at="2022-09-27T22:26:46 IST" duration-ms="1792" status="PASS">
          <reporter-output>
          </reporter-output>
        </test-method> <!-- setUpSuite -->
        <test-method is-config="true" signature="setUp()[pri:0, instance:com.automation.testcases.LoginTestCRM@1d9b7cce]" started-at="2022-09-27T22:26:46 IST" name="setUp" finished-at="2022-09-27T22:26:53 IST" duration-ms="7138" status="PASS">
          <reporter-output>
          </reporter-output>
        </test-method> <!-- setUp -->
        <test-method signature="loginApp()[pri:0, instance:com.automation.testcases.LoginTestCRM@1d9b7cce]" started-at="2022-09-27T22:26:53 IST" name="loginApp" finished-at="2022-09-27T22:26:56 IST" duration-ms="2720" status="PASS">
          <reporter-output>
          </reporter-output>
        </test-method> <!-- loginApp -->
        <test-method is-config="true" signature="tearDownMenthod(org.testng.ITestResult)[pri:0, instance:com.automation.testcases.LoginTestCRM@1d9b7cce]" started-at="2022-09-27T22:26:56 IST" name="tearDownMenthod" finished-at="2022-09-27T22:26:57 IST" duration-ms="1647" status="PASS">
          <params>
            <param index="0">
              <value>
                <![CDATA[[TestResult name=loginApp status=SUCCESS method=LoginTestCRM.loginApp()[pri:0, instance:com.automation.testcases.LoginTestCRM@1d9b7cce] output={null}]]]>
              </value>
            </param>
          </params>
          <reporter-output>
          </reporter-output>
        </test-method> <!-- tearDownMenthod -->
        <test-method is-config="true" signature="tearDown()[pri:0, instance:com.automation.testcases.LoginTestCRM@1d9b7cce]" started-at="2022-09-27T22:26:57 IST" name="tearDown" finished-at="2022-09-27T22:26:58 IST" duration-ms="369" status="PASS">
          <reporter-output>
          </reporter-output>
        </test-method> <!-- tearDown -->
      </class> <!-- com.automation.testcases.LoginTestCRM -->
    </test> <!-- Test -->
  </suite> <!-- Suite -->
</testng-results>
